<?xml version="1.0" encoding="UTF-8"?>
<!-- Generated by org.testng.reporters.JUnitReportReporter -->
<testsuite skipped="0" hostname="Vinod-PC" name="com.myTests.Test2" tests="1" failures="0" timestamp="31 May 2020 01:06:23 GMT" time="0.001" errors="0">
  <testcase name="m2" time="0.001" classname="com.myTests.Test2"/>
</testsuite> <!-- com.myTests.Test2 -->
