<?xml version="1.0" encoding="UTF-8"?>
<!-- Generated by org.testng.reporters.JUnitReportReporter -->
<testsuite skipped="0" hostname="Vinod-PC" name="com.myTests.Test1" tests="1" failures="0" timestamp="31 May 2020 00:47:11 GMT" time="0.008" errors="0">
  <testcase name="m1" time="0.008" classname="com.myTests.Test1"/>
</testsuite> <!-- com.myTests.Test1 -->
